<?xml version="1.0" encoding="UTF-8"?>
<testsuite name="DataFromExternalSourceTest" tests="1" skipped="0" failures="0" errors="0" timestamp="2021-08-01T13:06:55" hostname="DESKTOP-O6ROPA0" time="13.782">
  <properties/>
  <testcase name="createAddress(String, String, String, String)[1]" classname="DataFromExternalSourceTest" time="13.782"/>
  <system-out><![CDATA[]]></system-out>
  <system-err><![CDATA[Starting ChromeDriver 92.0.4515.107 (87a818b10553a07434ea9e2b6dccf3cbe7895134-refs/branch-heads/4515@{#1634}) on port 4754
Only local connections are allowed.
Please see https://chromedriver.chromium.org/security-considerations for suggestions on keeping ChromeDriver safe.
ChromeDriver was started successfully.
aug. 01, 2021 3:06:59 DU org.openqa.selenium.remote.ProtocolHandshake createSession
INFO: Detected dialect: W3C
]]></system-err>
</testsuite>
