<?xml version="1.0" encoding="UTF-8"?>
<testsuite name="SignUpTests" tests="2" skipped="0" failures="0" errors="0" timestamp="2021-07-30T21:26:43" hostname="DESKTOP-O6ROPA0" time="18.614">
  <properties/>
  <testcase name="successfulSignUp()" classname="SignUpTests" time="11.875"/>
  <testcase name="unSuccessfulSignUp()" classname="SignUpTests" time="6.729"/>
  <system-out><![CDATA[]]></system-out>
  <system-err><![CDATA[Starting ChromeDriver 92.0.4515.107 (87a818b10553a07434ea9e2b6dccf3cbe7895134-refs/branch-heads/4515@{#1634}) on port 24248
Only local connections are allowed.
Please see https://chromedriver.chromium.org/security-considerations for suggestions on keeping ChromeDriver safe.
ChromeDriver was started successfully.
júl. 30, 2021 11:26:49 DU org.openqa.selenium.remote.ProtocolHandshake createSession
INFO: Detected dialect: W3C
Starting ChromeDriver 92.0.4515.107 (87a818b10553a07434ea9e2b6dccf3cbe7895134-refs/branch-heads/4515@{#1634}) on port 48878
Only local connections are allowed.
Please see https://chromedriver.chromium.org/security-considerations for suggestions on keeping ChromeDriver safe.
ChromeDriver was started successfully.
júl. 30, 2021 11:26:57 DU org.openqa.selenium.remote.ProtocolHandshake createSession
INFO: Detected dialect: W3C
]]></system-err>
</testsuite>
